<?xml version="1.0" encoding="UTF-8"?>
<!-- Generated by org.testng.reporters.JUnitReportReporter -->
<testsuite hostname="Lenovo-PC" name="Task1" tests="1" failures="0" timestamp="4 Nov 2018 14:11:18 GMT" time="15.228" errors="0">
  <testcase name="test" time="15.228" classname="Task1"/>
</testsuite> <!-- Task1 -->
