<?xml version="1.0" encoding="UTF-8"?>
<!-- Generated by org.testng.reporters.JUnitReportReporter -->
<testsuite hostname="Lenovo-PC" name="Task2" tests="1" failures="0" timestamp="4 Nov 2018 14:18:26 GMT" time="14.964" errors="0">
  <testcase name="test" time="14.964" classname="Task2"/>
</testsuite> <!-- Task2 -->
