<?xml version="1.0" encoding="UTF-8"?>
<!-- Generated by org.testng.reporters.JUnitReportReporter -->
<testsuite hostname="Lenovo-PC" name="Task3" tests="1" failures="0" timestamp="4 Nov 2018 14:21:34 GMT" time="41.494" errors="0">
  <testcase name="test" time="41.494" classname="Task3"/>
</testsuite> <!-- Task3 -->
